Compiling the C compiler identification source file "CMakeCCompilerId.c" failed.
Compiler: //usr/local/bin/eosio-cc 
Build flags: ;-O3;
Id flags:  

The output was:
255
/usr/local/Cellar/eosio.cdt/1.6.1/opt/eosio.cdt/bin/wasm-ld: error: cannot open /var/folders/sm/l021jys171z_1phnrt_g8xnc0000gn/T//CMakeCCompilerId.c.o: No such file or directory


Compiling the CXX compiler identification source file "CMakeCXXCompilerId.cpp" failed.
Compiler: //usr/local/bin/eosio-cpp 
Build flags: ;-O3;
Id flags:  

The output was:
255
/usr/local/Cellar/eosio.cdt/1.6.1/opt/eosio.cdt/bin/wasm-ld: error: duplicate symbol: main(int, char**)
>>> defined in /var/folders/sm/l021jys171z_1phnrt_g8xnc0000gn/T//CMakeCXXCompilerId.cpp.o
>>> defined in /var/folders/sm/l021jys171z_1phnrt_g8xnc0000gn/T//CMakeCXXCompilerId.cpp.o

/usr/local/Cellar/eosio.cdt/1.6.1/opt/eosio.cdt/bin/wasm-ld: error: duplicate symbol: info_platform
>>> defined in /var/folders/sm/l021jys171z_1phnrt_g8xnc0000gn/T//CMakeCXXCompilerId.cpp.o
>>> defined in /var/folders/sm/l021jys171z_1phnrt_g8xnc0000gn/T//CMakeCXXCompilerId.cpp.o

/usr/local/Cellar/eosio.cdt/1.6.1/opt/eosio.cdt/bin/wasm-ld: error: duplicate symbol: info_compiler
>>> defined in /var/folders/sm/l021jys171z_1phnrt_g8xnc0000gn/T//CMakeCXXCompilerId.cpp.o
>>> defined in /var/folders/sm/l021jys171z_1phnrt_g8xnc0000gn/T//CMakeCXXCompilerId.cpp.o

/usr/local/Cellar/eosio.cdt/1.6.1/opt/eosio.cdt/bin/wasm-ld: error: duplicate symbol: info_language_dialect_default
>>> defined in /var/folders/sm/l021jys171z_1phnrt_g8xnc0000gn/T//CMakeCXXCompilerId.cpp.o
>>> defined in /var/folders/sm/l021jys171z_1phnrt_g8xnc0000gn/T//CMakeCXXCompilerId.cpp.o

/usr/local/Cellar/eosio.cdt/1.6.1/opt/eosio.cdt/bin/wasm-ld: error: duplicate symbol: info_arch
>>> defined in /var/folders/sm/l021jys171z_1phnrt_g8xnc0000gn/T//CMakeCXXCompilerId.cpp.o
>>> defined in /var/folders/sm/l021jys171z_1phnrt_g8xnc0000gn/T//CMakeCXXCompilerId.cpp.o


Detecting C compiler ABI info failed to compile with the following output:
Change Dir: /Users/basar/Workspace/eosio-folders/contracts/oresystem/build/oresystem/CMakeFiles/CMakeTmp

Run Build Command:"/usr/bin/make" "cmTC_0d8fe/fast"
/Applications/Xcode.app/Contents/Developer/usr/bin/make -f CMakeFiles/cmTC_0d8fe.dir/build.make CMakeFiles/cmTC_0d8fe.dir/build
Building C object CMakeFiles/cmTC_0d8fe.dir/CMakeCCompilerABI.c.obj
//usr/local/bin/eosio-cc   -O3     -o CMakeFiles/cmTC_0d8fe.dir/CMakeCCompilerABI.c.obj   -c /usr/local/Cellar/cmake/3.12.0/share/cmake/Modules/CMakeCCompilerABI.c
Linking C executable cmTC_0d8fe.wasm
/usr/local/Cellar/cmake/3.12.0/bin/cmake -E cmake_link_script CMakeFiles/cmTC_0d8fe.dir/link.txt --verbose=1
//usr/local/bin/eosio-ld  -v CMakeFiles/cmTC_0d8fe.dir/CMakeCCompilerABI.c.obj -o cmTC_0d8fe.wasm 
eosio-ld: Unknown command line argument '-v'.  Try: '//usr/local/bin/eosio-ld -help'
eosio-ld: Did you mean '-L'?
make[4]: *** [cmTC_0d8fe.wasm] Error 1
make[3]: *** [cmTC_0d8fe/fast] Error 2



Detecting C [-std=c11] compiler features failed to compile with the following output:
Change Dir: /Users/basar/Workspace/eosio-folders/contracts/oresystem/build/oresystem/CMakeFiles/CMakeTmp

Run Build Command:"/usr/bin/make" "cmTC_47b3e/fast"
/Applications/Xcode.app/Contents/Developer/usr/bin/make -f CMakeFiles/cmTC_47b3e.dir/build.make CMakeFiles/cmTC_47b3e.dir/build
Building C object CMakeFiles/cmTC_47b3e.dir/feature_tests.c.obj
//usr/local/bin/eosio-cc   -O3     -std=c11 -o CMakeFiles/cmTC_47b3e.dir/feature_tests.c.obj   -c /Users/basar/Workspace/eosio-folders/contracts/oresystem/build/oresystem/CMakeFiles/feature_tests.c
eosio-cc: Unknown command line argument '-std=c11'.  Try: '//usr/local/bin/eosio-cc -help'
eosio-cc: Did you mean '-w=c11'?
make[4]: *** [CMakeFiles/cmTC_47b3e.dir/feature_tests.c.obj] Error 1
make[3]: *** [cmTC_47b3e/fast] Error 2



Detecting CXX compiler ABI info failed to compile with the following output:
Change Dir: /Users/basar/Workspace/eosio-folders/contracts/oresystem/build/oresystem/CMakeFiles/CMakeTmp

Run Build Command:"/usr/bin/make" "cmTC_d3f95/fast"
/Applications/Xcode.app/Contents/Developer/usr/bin/make -f CMakeFiles/cmTC_d3f95.dir/build.make CMakeFiles/cmTC_d3f95.dir/build
Building CXX object CMakeFiles/cmTC_d3f95.dir/CMakeCXXCompilerABI.cpp.obj
//usr/local/bin/eosio-cpp    -O3     -o CMakeFiles/cmTC_d3f95.dir/CMakeCXXCompilerABI.cpp.obj -c /usr/local/Cellar/cmake/3.12.0/share/cmake/Modules/CMakeCXXCompilerABI.cpp
Linking CXX executable cmTC_d3f95.wasm
/usr/local/Cellar/cmake/3.12.0/bin/cmake -E cmake_link_script CMakeFiles/cmTC_d3f95.dir/link.txt --verbose=1
//usr/local/bin/eosio-ld  -v CMakeFiles/cmTC_d3f95.dir/CMakeCXXCompilerABI.cpp.obj -o cmTC_d3f95.wasm 
eosio-ld: Unknown command line argument '-v'.  Try: '//usr/local/bin/eosio-ld -help'
eosio-ld: Did you mean '-L'?
make[4]: *** [cmTC_d3f95.wasm] Error 1
make[3]: *** [cmTC_d3f95/fast] Error 2



Detecting CXX [-std=c++2a] compiler features failed to compile with the following output:
Change Dir: /Users/basar/Workspace/eosio-folders/contracts/oresystem/build/oresystem/CMakeFiles/CMakeTmp

Run Build Command:"/usr/bin/make" "cmTC_02b6a/fast"
/Applications/Xcode.app/Contents/Developer/usr/bin/make -f CMakeFiles/cmTC_02b6a.dir/build.make CMakeFiles/cmTC_02b6a.dir/build
Building CXX object CMakeFiles/cmTC_02b6a.dir/feature_tests.cxx.obj
//usr/local/bin/eosio-cpp    -O3     -std=c++2a -o CMakeFiles/cmTC_02b6a.dir/feature_tests.cxx.obj -c /Users/basar/Workspace/eosio-folders/contracts/oresystem/build/oresystem/CMakeFiles/feature_tests.cxx
Linking CXX executable cmTC_02b6a.wasm
/usr/local/Cellar/cmake/3.12.0/bin/cmake -E cmake_link_script CMakeFiles/cmTC_02b6a.dir/link.txt --verbose=1
//usr/local/bin/eosio-ld   CMakeFiles/cmTC_02b6a.dir/feature_tests.cxx.obj -o cmTC_02b6a.wasm 
/usr/local/Cellar/eosio.cdt/1.6.1/opt/eosio.cdt/bin/wasm-ld: error: fatal failure: contract with no actions and trying to create dispatcher
make[4]: *** [cmTC_02b6a.wasm] Error 255
make[3]: *** [cmTC_02b6a/fast] Error 2



