The target system is: Generic -  - wasm
The host system is: Darwin - 18.2.0 - x86_64
Compiling the C compiler identification source file "CMakeCCompilerId.c" succeeded.
Compiler: //usr/local/bin/eosio-cc 
Build flags: ;-O3;
Id flags:  

The output was:
0
/usr/local/Cellar/eosio.cdt/1.5.0/opt/eosio.cdt/bin/wasm-ld: error: undefined symbol: apply


Compilation of the C compiler identification source "CMakeCCompilerId.c" produced "a.out"

The C compiler identification is Clang, found in "/Users/basar/Workspace/eosio-folders/contracts/hello/build/hello/CMakeFiles/3.12.0/CompilerIdC/a.out"

Compiling the CXX compiler identification source file "CMakeCXXCompilerId.cpp" succeeded.
Compiler: //usr/local/bin/eosio-cpp 
Build flags: ;-O3;
Id flags:  

The output was:
0
/usr/local/Cellar/eosio.cdt/1.5.0/opt/eosio.cdt/bin/wasm-ld: error: undefined symbol: apply


Compilation of the CXX compiler identification source "CMakeCXXCompilerId.cpp" produced "a.out"

The CXX compiler identification is Clang, found in "/Users/basar/Workspace/eosio-folders/contracts/hello/build/hello/CMakeFiles/3.12.0/CompilerIdCXX/a.out"

